Using pre-set license
Built from '2020.3/staging' branch; Version is '2020.3.0f1 (c7b5465681fb) revision 13088070'; Using compiler version '192528614'; Build Type 'Release'
OS: 'Windows 10 Home; OS build 19044.1766; Version 2009; 64bit' Language: 'en' Physical Memory: 16325 MB
BatchMode: 1, IsHumanControllingUs: 0, StartBugReporterOnCrash: 0, Is64bit: 1, IsPro: 0

 COMMAND LINE ARGUMENTS:
D:\Unity\2020.3.0f1\Editor\Unity.exe
-adb2
-batchMode
-noUpm
-name
AssetImportWorker0
-projectPath
C:/Users/magic/issue1/GFRC_2022/learning_modules/Ernest_Scott/ErnestScott_UnitySkills/internshipthing1
-logFile
Logs/AssetImportWorker0.log
-srvPort
57952
Successfully changed project path to: C:/Users/magic/issue1/GFRC_2022/learning_modules/Ernest_Scott/ErnestScott_UnitySkills/internshipthing1
C:/Users/magic/issue1/GFRC_2022/learning_modules/Ernest_Scott/ErnestScott_UnitySkills/internshipthing1
Using Asset Import Pipeline V2.
Refreshing native plugins compatible for Editor in 18.20 ms, found 0 plugins.
Preloading 0 native plugins for Editor in 0.00 ms.
Initialize engine version: 2020.3.0f1 (c7b5465681fb)
[Subsystems] Discovering subsystems at path D:/Unity/2020.3.0f1/Editor/Data/Resources/UnitySubsystems
[Subsystems] Discovering subsystems at path C:/Users/magic/issue1/GFRC_2022/learning_modules/Ernest_Scott/ErnestScott_UnitySkills/internshipthing1/Assets
GfxDevice: creating device client; threaded=0
Direct3D:
    Version:  Direct3D 11.0 [level 11.1]
    Renderer: NVIDIA GeForce GTX 1660 (ID=0x2184)
    Vendor:   
    VRAM:     5991 MB
    Driver:   30.0.15.1215
Initialize mono
Mono path[0] = 'D:/Unity/2020.3.0f1/Editor/Data/Managed'
Mono path[1] = 'D:/Unity/2020.3.0f1/Editor/Data/MonoBleedingEdge/lib/mono/unityjit'
Mono config path = 'D:/Unity/2020.3.0f1/Editor/Data/MonoBleedingEdge/etc'
Using monoOptions --debugger-agent=transport=dt_socket,embedding=1,server=y,suspend=n,address=127.0.0.1:56808
Begin MonoManager ReloadAssembly
Registering precompiled unity dll's ...
Register platform support module: D:/Unity/2020.3.0f1/Editor/Data/PlaybackEngines/WebGLSupport/UnityEditor.WebGL.Extensions.dll
Register platform support module: D:/Unity/2020.3.0f1/Editor/Data/PlaybackEngines/WindowsStandaloneSupport/UnityEditor.WindowsStandalone.Extensions.dll
Registered in 0.000883 seconds.
Native extension for WindowsStandalone target not found
Native extension for WebGL target not found
Refreshing native plugins compatible for Editor in 18.74 ms, found 0 plugins.
Preloading 0 native plugins for Editor in 0.00 ms.
Invoked RoslynAnalysisRunner static constructor.
RoslynAnalysisRunner will not be running.
RoslynAnalysisRunner has terminated.
Mono: successfully reloaded assembly
- Completed reload, in  1.169 seconds
Platform modules already initialized, skipping
Registering precompiled user dll's ...
Registered in 0.000543 seconds.
Begin MonoManager ReloadAssembly
Native extension for WindowsStandalone target not found
Native extension for WebGL target not found
Refreshing native plugins compatible for Editor in 0.20 ms, found 0 plugins.
Preloading 0 native plugins for Editor in 0.00 ms.
Invoked RoslynAnalysisRunner static constructor.
RoslynAnalysisRunner will not be running.
RoslynAnalysisRunner has terminated.
Mono: successfully reloaded assembly
- Completed reload, in  0.621 seconds
Platform modules already initialized, skipping
========================================================================
Worker process is ready to serve import requests
Launched and connected shader compiler UnityShaderCompiler.exe after 0.07 seconds
Refreshing native plugins compatible for Editor in 0.19 ms, found 0 plugins.
Preloading 0 native plugins for Editor in 0.00 ms.
Unloading 1113 Unused Serialized files (Serialized files now loaded: 0)
System memory in use before: 57.3 MB.
System memory in use after: 57.3 MB.

Unloading 10 unused Assets to reduce memory usage. Loaded Objects now: 1555.
Total: 1.394600 ms (FindLiveObjects: 0.162900 ms CreateObjectMapping: 0.037100 ms MarkObjects: 1.138300 ms  DeleteObjects: 0.055700 ms)

========================================================================
Received Import Request.
  path: Assets/Scenes
  artifactKey: Guid(365b9ab7d84a8e849af3c684b29f0522) Importer(815301076,1909f56bfc062723c751e8b465ee728b)
Start importing Assets/Scenes using Guid(365b9ab7d84a8e849af3c684b29f0522) Importer(815301076,1909f56bfc062723c751e8b465ee728b)  -> (artifact id: '719be66886270e07bcbb2d3c16bec702') in 0.009014 seconds
  Import took 0.010567 seconds .

========================================================================
Received Import Request.
  Time since last request: 0.000306 seconds.
  path: Assets/Scenes/SampleScene.unity
  artifactKey: Guid(9fc0d4010bbf28b4594072e72b8655ab) Importer(815301076,1909f56bfc062723c751e8b465ee728b)
Start importing Assets/Scenes/SampleScene.unity using Guid(9fc0d4010bbf28b4594072e72b8655ab) Importer(815301076,1909f56bfc062723c751e8b465ee728b)  -> (artifact id: '777e927d0b238e2cde0f6869e17df74c') in 0.011535 seconds
  Import took 0.014072 seconds .

========================================================================
Received Import Request.
  Time since last request: 6.726739 seconds.
  path: Assets/Scenes/ernest_scott.unity
  artifactKey: Guid(9fc0d4010bbf28b4594072e72b8655ab) Importer(815301076,1909f56bfc062723c751e8b465ee728b)
Start importing Assets/Scenes/ernest_scott.unity using Guid(9fc0d4010bbf28b4594072e72b8655ab) Importer(815301076,1909f56bfc062723c751e8b465ee728b)  -> (artifact id: 'd94a6bbeddd37faf7ea0b45808f81d3b') in 0.007843 seconds
  Import took 0.011042 seconds .

========================================================================
Received Import Request.
  Time since last request: 172.100995 seconds.
  path: Assets
  artifactKey: Guid(00000000000000001000000000000000) Importer(815301076,1909f56bfc062723c751e8b465ee728b)
Start importing Assets using Guid(00000000000000001000000000000000) Importer(815301076,1909f56bfc062723c751e8b465ee728b)  -> (artifact id: '42baae205c97e3337697759514652acd') in 0.005088 seconds
  Import took 0.007455 seconds .

========================================================================
Received Import Request.
  Time since last request: 11.142397 seconds.
  path: Assets/Materials
  artifactKey: Guid(9612493d800f86f4bae8bb3df53404f3) Importer(815301076,1909f56bfc062723c751e8b465ee728b)
Start importing Assets/Materials using Guid(9612493d800f86f4bae8bb3df53404f3) Importer(815301076,1909f56bfc062723c751e8b465ee728b)  -> (artifact id: 'c3ce3fe1f408ddf937eb6ee31b2127f3') in 0.005005 seconds
  Import took 0.007273 seconds .

========================================================================
Received Import Request.
  Time since last request: 171.126889 seconds.
  path: Assets/New Folder
  artifactKey: Guid(5485ae0b6ad950843b26649a0300b2ff) Importer(815301076,1909f56bfc062723c751e8b465ee728b)
Start importing Assets/New Folder using Guid(5485ae0b6ad950843b26649a0300b2ff) Importer(815301076,1909f56bfc062723c751e8b465ee728b)  -> (artifact id: 'e6b301f5ec20dbda45176ac9737b2b32') in 0.005575 seconds
  Import took 0.007788 seconds .

========================================================================
Received Import Request.
  Time since last request: 6.337814 seconds.
  path: Assets/Scripts
  artifactKey: Guid(5485ae0b6ad950843b26649a0300b2ff) Importer(815301076,1909f56bfc062723c751e8b465ee728b)
Start importing Assets/Scripts using Guid(5485ae0b6ad950843b26649a0300b2ff) Importer(815301076,1909f56bfc062723c751e8b465ee728b)  -> (artifact id: '5b1d323a516068b63d568756bbe63140') in 0.005394 seconds
  Import took 0.006928 seconds .

========================================================================
Received Prepare
Registering precompiled user dll's ...
Registered in 0.000564 seconds.
Begin MonoManager ReloadAssembly
Native extension for WindowsStandalone target not found
Native extension for WebGL target not found
Refreshing native plugins compatible for Editor in 0.17 ms, found 0 plugins.
Preloading 0 native plugins for Editor in 0.00 ms.
Invoked RoslynAnalysisRunner static constructor.
RoslynAnalysisRunner will not be running.
RoslynAnalysisRunner has terminated.
Mono: successfully reloaded assembly
- Completed reload, in  0.610 seconds
Platform modules already initialized, skipping
Refreshing native plugins compatible for Editor in 0.18 ms, found 0 plugins.
Preloading 0 native plugins for Editor in 0.00 ms.
Unloading 1109 Unused Serialized files (Serialized files now loaded: 0)
System memory in use before: 57.2 MB.
System memory in use after: 57.3 MB.

Unloading 5 unused Assets to reduce memory usage. Loaded Objects now: 1559.
Total: 5.259700 ms (FindLiveObjects: 0.382100 ms CreateObjectMapping: 0.125600 ms MarkObjects: 4.591400 ms  DeleteObjects: 0.157300 ms)

========================================================================
Received Import Request.
  Time since last request: 11.839235 seconds.
  path: Assets/Scenes/MoveMe.cs
  artifactKey: Guid(c278adf39b32e7f499a87b356612e02e) Importer(815301076,1909f56bfc062723c751e8b465ee728b)
Start importing Assets/Scenes/MoveMe.cs using Guid(c278adf39b32e7f499a87b356612e02e) Importer(815301076,1909f56bfc062723c751e8b465ee728b)  -> (artifact id: '0bdfe2861f60cdda303a4cb218effc8d') in 0.053722 seconds
  Import took 0.058774 seconds .

========================================================================
Received Import Request.
  Time since last request: 160.687514 seconds.
  path: Assets/Scenes/MoveMe.cs
  artifactKey: Guid(c278adf39b32e7f499a87b356612e02e) Importer(815301076,1909f56bfc062723c751e8b465ee728b)
Start importing Assets/Scenes/MoveMe.cs using Guid(c278adf39b32e7f499a87b356612e02e) Importer(815301076,1909f56bfc062723c751e8b465ee728b)  -> (artifact id: '4525acfa492def4931e4342b2974efdd') in 0.002123 seconds
  Import took 0.004050 seconds .

========================================================================
Received Prepare
Registering precompiled user dll's ...
Registered in 0.000520 seconds.
Begin MonoManager ReloadAssembly
Native extension for WindowsStandalone target not found
Native extension for WebGL target not found
Refreshing native plugins compatible for Editor in 0.18 ms, found 0 plugins.
Preloading 0 native plugins for Editor in 0.00 ms.
Invoked RoslynAnalysisRunner static constructor.
RoslynAnalysisRunner will not be running.
RoslynAnalysisRunner has terminated.
Mono: successfully reloaded assembly
- Completed reload, in  0.581 seconds
Platform modules already initialized, skipping
Refreshing native plugins compatible for Editor in 0.18 ms, found 0 plugins.
Preloading 0 native plugins for Editor in 0.00 ms.
Unloading 1109 Unused Serialized files (Serialized files now loaded: 0)
System memory in use before: 57.3 MB.
System memory in use after: 57.3 MB.

Unloading 5 unused Assets to reduce memory usage. Loaded Objects now: 1562.
Total: 1.259500 ms (FindLiveObjects: 0.120600 ms CreateObjectMapping: 0.032900 ms MarkObjects: 1.065100 ms  DeleteObjects: 0.040000 ms)

========================================================================
Received Import Request.
  Time since last request: 104.222390 seconds.
  path: Assets/Scenes/MoveMe.cs
  artifactKey: Guid(c278adf39b32e7f499a87b356612e02e) Importer(815301076,1909f56bfc062723c751e8b465ee728b)
Start importing Assets/Scenes/MoveMe.cs using Guid(c278adf39b32e7f499a87b356612e02e) Importer(815301076,1909f56bfc062723c751e8b465ee728b)  -> (artifact id: '9c929df07d5c40e4d5695d3d2454dbe2') in 0.003359 seconds
  Import took 0.005084 seconds .

========================================================================
Received Prepare
Registering precompiled user dll's ...
Registered in 0.000616 seconds.
Begin MonoManager ReloadAssembly
Native extension for WindowsStandalone target not found
Native extension for WebGL target not found
Refreshing native plugins compatible for Editor in 0.17 ms, found 0 plugins.
Preloading 0 native plugins for Editor in 0.00 ms.
Invoked RoslynAnalysisRunner static constructor.
RoslynAnalysisRunner will not be running.
RoslynAnalysisRunner has terminated.
Mono: successfully reloaded assembly
- Completed reload, in  0.586 seconds
Platform modules already initialized, skipping
Refreshing native plugins compatible for Editor in 0.17 ms, found 0 plugins.
Preloading 0 native plugins for Editor in 0.00 ms.
Unloading 1109 Unused Serialized files (Serialized files now loaded: 0)
System memory in use before: 57.3 MB.
System memory in use after: 57.4 MB.

Unloading 5 unused Assets to reduce memory usage. Loaded Objects now: 1565.
Total: 1.417200 ms (FindLiveObjects: 0.133700 ms CreateObjectMapping: 0.036000 ms MarkObjects: 1.198200 ms  DeleteObjects: 0.047800 ms)

AssetImportWorkerClient::OnTransportError - code=2 error=End of file
